build/outputs/logs/manifest-merger-debug-report.txt
-- Merging decision tree log ---
manifest
ADDED from Desktop/PDF-TO-Image-master/AndroidManifest.xml:2:1-35:12
	package
		ADDED from Desktop/PDF-TO-Image-master/AndroidManifest.xml:3:5-26
	android:versionName
		ADDED from Desktop/PDF-TO-Image-master/AndroidManifest.xml:5:5-30
		INJECTED from Desktop/PDF-TO-Image-master/AndroidManifest.xml
		INJECTED from Desktop/PDF-TO-Image-master/AndroidManifest.xml
	android:versionCode
		ADDED from Desktop/PDF-TO-Image-master/AndroidManifest.xml:4:5-28
		INJECTED from Desktop/PDF-TO-Image-master/AndroidManifest.xml
		INJECTED from Desktop/PDF-TO-Image-master/AndroidManifest.xml
	xmlns:android
		ADDED from Desktop/PDF-TO-Image-master/AndroidManifest.xml:2:11-69
uses-sdk
ADDED from Desktop/PDF-TO-Image-master/AndroidManifest.xml:7:5-9:41
	android:targetSdkVersion
		ADDED from Desktop/PDF-TO-Image-master/AndroidManifest.xml:9:9-38
	android:minSdkVersion
		ADDED from Desktop/PDF-TO-Image-master/AndroidManifest.xml:8:9-34
uses-permission#android.permission.WRITE_EXTERNAL_STORAGE
ADDED from Desktop/PDF-TO-Image-master/AndroidManifest.xml:11:5-80
	android:name
		ADDED from Desktop/PDF-TO-Image-master/AndroidManifest.xml:11:22-78
uses-permission#android.permission.CAMERA
ADDED from Desktop/PDF-TO-Image-master/AndroidManifest.xml:12:5-82
	android:name
		ADDED from Desktop/PDF-TO-Image-master/AndroidManifest.xml:12:22-62
uses-permission#android.permission.INTERNET
ADDED from Desktop/PDF-TO-Image-master/AndroidManifest.xml:13:5-67
	android:name
		ADDED from Desktop/PDF-TO-Image-master/AndroidManifest.xml:13:22-64
uses-permission#android.permission.READ_EXTERNAL_STORAGE
ADDED from Desktop/PDF-TO-Image-master/AndroidManifest.xml:14:5-80
	android:name
		ADDED from Desktop/PDF-TO-Image-master/AndroidManifest.xml:14:22-77
uses-permission#android.permission.READ_INTERNAL_STORAGE
ADDED from Desktop/PDF-TO-Image-master/AndroidManifest.xml:15:5-80
	android:name
		ADDED from Desktop/PDF-TO-Image-master/AndroidManifest.xml:15:22-77
uses-permission#android.permission.ACCESS_NETWORK_STATE
ADDED from Desktop/PDF-TO-Image-master/AndroidManifest.xml:16:5-79
	android:name
		ADDED from Desktop/PDF-TO-Image-master/AndroidManifest.xml:16:22-76
application
ADDED from Desktop/PDF-TO-Image-master/AndroidManifest.xml:19:5-33:19
	android:label
		ADDED from Desktop/PDF-TO-Image-master/AndroidManifest.xml:22:9-41
	android:allowBackup
		ADDED from Desktop/PDF-TO-Image-master/AndroidManifest.xml:20:9-35
	android:icon
		ADDED from Desktop/PDF-TO-Image-master/AndroidManifest.xml:21:9-45
	android:theme
		ADDED from Desktop/PDF-TO-Image-master/AndroidManifest.xml:23:9-40
activity#com.example.MainActivity
ADDED from Desktop/PDF-TO-Image-master/AndroidManifest.xml:24:9-32:20
	android:label
		ADDED from Desktop/PDF-TO-Image-master/AndroidManifest.xml:26:13-45
	android:name
		ADDED from Desktop/PDF-TO-Image-master/AndroidManifest.xml:25:13-52
intent-filter#android.intent.action.MAIN+android.intent.category.LAUNCHER
ADDED from Desktop/PDF-TO-Image-master/AndroidManifest.xml:27:13-31:29
action#android.intent.action.MAIN
ADDED from Desktop/PDF-TO-Image-master/AndroidManifest.xml:28:17-69
	android:name
		ADDED from Desktop/PDF-TO-Image-master/AndroidManifest.xml:28:25-66
category#android.intent.category.LAUNCHER
ADDED from Desktop/PDF-TO-Image-master/AndroidManifest.xml:30:17-77
	android:name
		ADDED from Desktop/PDF-TO-Image-master/AndroidManifest.xml:30:27-74